Assignment 1 - Extra Credit (Step 6)/FirstGame/Temp/gradleOut/build/outputs/logs/manifest-merger-release-report.txt
-- Merging decision tree log ---
manifest
ADDED from src/main/AndroidManifest.xml:2:1-26:12
	package
		ADDED from src/main/AndroidManifest.xml:2:70-113
		INJECTED from src/main/AndroidManifest.xml
		INJECTED from src/main/AndroidManifest.xml
	android:versionName
		ADDED from src/main/AndroidManifest.xml:2:161-186
		INJECTED from src/main/AndroidManifest.xml
		INJECTED from src/main/AndroidManifest.xml
	xmlns:tools
		ADDED from src/main/AndroidManifest.xml:2:114-160
	android:versionCode
		ADDED from src/main/AndroidManifest.xml:2:187-210
		INJECTED from src/main/AndroidManifest.xml
		INJECTED from src/main/AndroidManifest.xml
	xmlns:android
		ADDED from src/main/AndroidManifest.xml:2:11-69
	android:installLocation
		ADDED from src/main/AndroidManifest.xml:2:211-251
supports-screens
ADDED from src/main/AndroidManifest.xml:3:3-163
	android:largeScreens
		ADDED from src/main/AndroidManifest.xml:3:78-105
	android:smallScreens
		ADDED from src/main/AndroidManifest.xml:3:21-48
	android:normalScreens
		ADDED from src/main/AndroidManifest.xml:3:49-77
	android:xlargeScreens
		ADDED from src/main/AndroidManifest.xml:3:106-134
	android:anyDensity
		ADDED from src/main/AndroidManifest.xml:3:135-160
application
ADDED from src/main/AndroidManifest.xml:4:3-19:17
	android:label
		ADDED from src/main/AndroidManifest.xml:4:50-82
	android:icon
		ADDED from src/main/AndroidManifest.xml:4:16-49
	android:banner
		ADDED from src/main/AndroidManifest.xml:4:105-142
	android:theme
		ADDED from src/main/AndroidManifest.xml:4:143-181
	android:isGame
		ADDED from src/main/AndroidManifest.xml:4:83-104
activity#com.unity3d.player.UnityPlayerActivity
ADDED from src/main/AndroidManifest.xml:5:5-13:16
	android:screenOrientation
		ADDED from src/main/AndroidManifest.xml:5:102-140
	android:label
		ADDED from src/main/AndroidManifest.xml:5:69-101
	android:hardwareAccelerated
		ADDED from src/main/AndroidManifest.xml:5:355-390
	android:launchMode
		ADDED from src/main/AndroidManifest.xml:5:141-172
	android:configChanges
		ADDED from src/main/AndroidManifest.xml:5:173-354
	android:name
		ADDED from src/main/AndroidManifest.xml:5:15-68
intent-filter#android.intent.action.MAIN+android.intent.category.LAUNCHER+android.intent.category.LEANBACK_LAUNCHER+com.google.intent.category.CARDBOARD
ADDED from src/main/AndroidManifest.xml:6:7-11:23
action#android.intent.action.MAIN
ADDED from src/main/AndroidManifest.xml:7:9-61
	android:name
		ADDED from src/main/AndroidManifest.xml:7:17-58
category#android.intent.category.LAUNCHER
ADDED from src/main/AndroidManifest.xml:8:9-69
	android:name
		ADDED from src/main/AndroidManifest.xml:8:19-66
category#android.intent.category.LEANBACK_LAUNCHER
ADDED from src/main/AndroidManifest.xml:9:9-78
	android:name
		ADDED from src/main/AndroidManifest.xml:9:19-75
category#com.google.intent.category.CARDBOARD
ADDED from src/main/AndroidManifest.xml:10:9-73
	android:name
		ADDED from src/main/AndroidManifest.xml:10:19-70
meta-data#unityplayer.UnityActivity
ADDED from src/main/AndroidManifest.xml:12:7-82
	android:value
		ADDED from src/main/AndroidManifest.xml:12:59-79
	android:name
		ADDED from src/main/AndroidManifest.xml:12:18-58
meta-data#unityplayer.SkipPermissionsDialog
ADDED from src/main/AndroidManifest.xml:14:5-88
	android:value
		ADDED from src/main/AndroidManifest.xml:14:65-85
	android:name
		ADDED from src/main/AndroidManifest.xml:14:16-64
meta-data#unity.build-id
ADDED from src/main/AndroidManifest.xml:15:5-101
	android:value
		ADDED from src/main/AndroidManifest.xml:15:46-98
	android:name
		ADDED from src/main/AndroidManifest.xml:15:16-45
meta-data#unity.splash-mode
ADDED from src/main/AndroidManifest.xml:16:5-69
	android:value
		ADDED from src/main/AndroidManifest.xml:16:49-66
	android:name
		ADDED from src/main/AndroidManifest.xml:16:16-48
meta-data#unity.splash-enable
ADDED from src/main/AndroidManifest.xml:17:5-75
	android:value
		ADDED from src/main/AndroidManifest.xml:17:51-72
	android:name
		ADDED from src/main/AndroidManifest.xml:17:16-50
meta-data#android.max_aspect
ADDED from src/main/AndroidManifest.xml:18:5-72
	android:value
		ADDED from src/main/AndroidManifest.xml:18:50-69
	android:name
		ADDED from src/main/AndroidManifest.xml:18:16-49
uses-sdk
ADDED from src/main/AndroidManifest.xml:20:3-72
MERGED from [:gvr:] AndroidManifest.xml:5:5-7:41
MERGED from [:unitygvr:] AndroidManifest.xml:7:5-9:41
	android:targetSdkVersion
		ADDED from src/main/AndroidManifest.xml:20:40-69
		INJECTED from src/main/AndroidManifest.xml
		INJECTED from src/main/AndroidManifest.xml
	android:minSdkVersion
		ADDED from src/main/AndroidManifest.xml:20:13-39
uses-feature#0x00020000
ADDED from src/main/AndroidManifest.xml:21:3-52
	android:glEsVersion
		ADDED from src/main/AndroidManifest.xml:21:17-49
uses-permission#android.permission.READ_EXTERNAL_STORAGE
ADDED from src/main/AndroidManifest.xml:22:3-78
	android:name
		ADDED from src/main/AndroidManifest.xml:22:20-75
uses-feature#android.hardware.touchscreen
ADDED from src/main/AndroidManifest.xml:23:3-88
	android:required
		ADDED from src/main/AndroidManifest.xml:23:61-85
	android:name
		ADDED from src/main/AndroidManifest.xml:23:17-60
uses-feature#android.hardware.touchscreen.multitouch
ADDED from src/main/AndroidManifest.xml:24:3-99
	android:required
		ADDED from src/main/AndroidManifest.xml:24:72-96
	android:name
		ADDED from src/main/AndroidManifest.xml:24:17-71
uses-feature#android.hardware.touchscreen.multitouch.distinct
ADDED from src/main/AndroidManifest.xml:25:3-108
	android:required
		ADDED from src/main/AndroidManifest.xml:25:81-105
	android:name
		ADDED from src/main/AndroidManifest.xml:25:17-80